<?xml version="1.0" encoding="UTF-8"?>
<!-- Generated by org.testng.reporters.JUnitXMLReporter -->
<testsuite ignored="2" hostname="LAPTOP-PL09ISKD" failures="1" tests="9" name="Test" time="0.188" errors="0" timestamp="2024-05-01T18:09:54 IST">
  <testcase classname="practice2.testNgPara" name="testRegression1" time="0.011"/>
  <testcase classname="practice2.testNgPara" name="testSmoke1" time="0.005"/>
  <testcase classname="practice2.testNgPara" name="testSmoke2" time="0.005"/>
  <testcase classname="practice2.testDemo" name="testRegression3" time="0.02">
    <failure type="java.lang.AssertionError" message="expected [true] but found [false]">
      <![CDATA[java.lang.AssertionError: expected [true] but found [false]
at practice2.testDemo.testRegression3(testDemo.java:23)
at java.base/java.util.ArrayList.forEach(ArrayList.java:1511)
... Removed 31 stack frames]]>
    </failure>
  </testcase> <!-- testRegression3 -->
  <testcase classname="practice2.testResult" name="testFunction1" time="0.008"/>
  <testcase classname="practice2.testResult" name="testRegression2" time="0.002"/>
  <testcase classname="practice2.testResult" name="testRegression2" time="0.005"/>
  <testcase classname="practice2.testResult" name="testRegression2" time="0.002"/>
  <testcase classname="practice2.testResult" name="testSmoke3" time="0.002"/>
  <testcase classname="practice2.testDemo" name="testFunctional3" time="0.0">
    <ignored/>
  </testcase> <!-- testFunctional3 -->
  <testcase classname="practice2.testDemo" name="testFunctional2" time="0.0">
    <ignored/>
  </testcase> <!-- testFunctional2 -->
</testsuite> <!-- Test -->
